03:30:28,162 INFORMACIÓN [org.jboss.modules] JBoss Modules version 1.1.5.GA
03:30:28,364 INFO  [org.jboss.msc] JBoss MSC version 1.0.2.GA
03:30:28,415 INFO  [org.jboss.as] JBAS015899: JBoss AS 7.1.1.Final "Brontes" starting
03:30:28,417 DEBUG [org.jboss.as.config] Configured system properties:
	[Standalone] = 
	awt.toolkit = sun.awt.X11.XToolkit
	file.encoding = UTF-8
	file.encoding.pkg = sun.io
	file.separator = /
	java.awt.graphicsenv = sun.awt.X11GraphicsEnvironment
	java.awt.printerjob = sun.print.PSPrinterJob
	java.class.path = /home/penciso/proyectos/git/jboss-test/jboss-7.1.1/jboss-modules.jar
	java.class.version = 51.0
	java.endorsed.dirs = /home/penciso/proyectos/git/jboss-test/jre1.7.0_80/lib/endorsed
	java.ext.dirs = /home/penciso/proyectos/git/jboss-test/jre1.7.0_80/lib/ext:/usr/java/packages/lib/ext
	java.home = /home/penciso/proyectos/git/jboss-test/jre1.7.0_80
	java.io.tmpdir = /tmp
	java.library.path = /usr/java/packages/lib/amd64:/usr/lib64:/lib64:/lib:/usr/lib
	java.runtime.name = Java(TM) SE Runtime Environment
	java.runtime.version = 1.7.0_80-b15
	java.specification.name = Java Platform API Specification
	java.specification.vendor = Oracle Corporation
	java.specification.version = 1.7
	java.util.logging.manager = org.jboss.logmanager.LogManager
	java.vendor = Oracle Corporation
	java.vendor.url = http://java.oracle.com/
	java.vendor.url.bug = http://bugreport.sun.com/bugreport/
	java.version = 1.7.0_80
	java.vm.info = mixed mode
	java.vm.name = Java HotSpot(TM) 64-Bit Server VM
	java.vm.specification.name = Java Virtual Machine Specification
	java.vm.specification.vendor = Oracle Corporation
	java.vm.specification.version = 1.7
	java.vm.vendor = Oracle Corporation
	java.vm.version = 24.80-b11
	javax.management.builder.initial = org.jboss.as.jmx.PluggableMBeanServerBuilder
	javax.xml.datatype.DatatypeFactory = __redirected.__DatatypeFactory
	javax.xml.parsers.DocumentBuilderFactory = __redirected.__DocumentBuilderFactory
	javax.xml.parsers.SAXParserFactory = __redirected.__SAXParserFactory
	javax.xml.stream.XMLEventFactory = __redirected.__XMLEventFactory
	javax.xml.stream.XMLInputFactory = __redirected.__XMLInputFactory
	javax.xml.stream.XMLOutputFactory = __redirected.__XMLOutputFactory
	javax.xml.transform.TransformerFactory = __redirected.__TransformerFactory
	javax.xml.validation.SchemaFactory:http://www.w3.org/2001/XMLSchema = __redirected.__SchemaFactory
	javax.xml.xpath.XPathFactory:http://java.sun.com/jaxp/xpath/dom = __redirected.__XPathFactory
	jboss.bind.address = 0.0.0.0
	jboss.bind.address.managment = 0.0.0.0
	jboss.home.dir = /home/penciso/proyectos/git/jboss-test/jboss-7.1.1
	jboss.host.name = penciso-latitude-e6410
	jboss.modules.dir = /home/penciso/proyectos/git/jboss-test/jboss-7.1.1/modules
	jboss.node.name = penciso-latitude-e6410
	jboss.qualified.host.name = penciso-latitude-e6410
	jboss.server.base.dir = /home/penciso/proyectos/git/jboss-test/jboss-7.1.1/standalone
	jboss.server.config.dir = /home/penciso/proyectos/git/jboss-test/jboss-7.1.1/standalone/configuration
	jboss.server.data.dir = /home/penciso/proyectos/git/jboss-test/jboss-7.1.1/standalone/data
	jboss.server.deploy.dir = /home/penciso/proyectos/git/jboss-test/jboss-7.1.1/standalone/data/content
	jboss.server.log.dir = /home/penciso/proyectos/git/jboss-test/jboss-7.1.1/standalone/log
	jboss.server.name = penciso-latitude-e6410
	jboss.server.temp.dir = /home/penciso/proyectos/git/jboss-test/jboss-7.1.1/standalone/tmp
	line.separator = 

	logging.configuration = file:/home/penciso/proyectos/git/jboss-test/jboss-7.1.1/standalone/configuration/logging.properties
	module.path = /home/penciso/proyectos/git/jboss-test/jboss-7.1.1/modules
	org.jboss.boot.log.file = /home/penciso/proyectos/git/jboss-test/jboss-7.1.1/standalone/log/boot.log
	org.xml.sax.driver = __redirected.__XMLReaderFactory
	os.arch = amd64
	os.name = Linux
	os.version = 4.15.0-42-generic
	path.separator = :
	sun.arch.data.model = 64
	sun.boot.class.path = /home/penciso/proyectos/git/jboss-test/jre1.7.0_80/lib/resources.jar:/home/penciso/proyectos/git/jboss-test/jre1.7.0_80/lib/rt.jar:/home/penciso/proyectos/git/jboss-test/jre1.7.0_80/lib/sunrsasign.jar:/home/penciso/proyectos/git/jboss-test/jre1.7.0_80/lib/jsse.jar:/home/penciso/proyectos/git/jboss-test/jre1.7.0_80/lib/jce.jar:/home/penciso/proyectos/git/jboss-test/jre1.7.0_80/lib/charsets.jar:/home/penciso/proyectos/git/jboss-test/jre1.7.0_80/lib/jfr.jar:/home/penciso/proyectos/git/jboss-test/jre1.7.0_80/classes
	sun.boot.library.path = /home/penciso/proyectos/git/jboss-test/jre1.7.0_80/lib/amd64
	sun.cpu.endian = little
	sun.cpu.isalist = 
	sun.desktop = gnome
	sun.io.unicode.encoding = UnicodeLittle
	sun.java.command = /home/penciso/proyectos/git/jboss-test/jboss-7.1.1/jboss-modules.jar -mp /home/penciso/proyectos/git/jboss-test/jboss-7.1.1/modules -jaxpmodule javax.xml.jaxp-provider org.jboss.as.standalone -Djboss.home.dir=/home/penciso/proyectos/git/jboss-test/jboss-7.1.1 --server-config=standalone.xml -Djboss.server.base.dir=/home/penciso/proyectos/git/jboss-test/jboss-7.1.1/standalone -b 0.0.0.0 -bmanagment 0.0.0.0
	sun.java.launcher = SUN_STANDARD
	sun.jnu.encoding = UTF-8
	sun.management.compiler = HotSpot 64-Bit Tiered Compilers
	sun.os.patch.level = unknown
	user.country = AR
	user.dir = /home/penciso/proyectos/git/jboss-test/jboss-7.1.1
	user.home = /home/penciso
	user.language = es
	user.name = penciso
	user.timezone = America/Argentina/Buenos_Aires
03:30:28,441 DEBUG [org.jboss.as.config] VM Arguments: -D[Standalone] -XX:+UseCompressedOops -XX:+TieredCompilation -Xmx256m -XX:+UseCompressedOops -Dorg.jboss.boot.log.file=/home/penciso/proyectos/git/jboss-test/jboss-7.1.1/standalone/log/boot.log -Dlogging.configuration=file:/home/penciso/proyectos/git/jboss-test/jboss-7.1.1/standalone/configuration/logging.properties 
03:30:30,997 INFO  [org.xnio] XNIO Version 3.0.3.GA
03:30:30,999 INFO  [org.jboss.as.server] JBAS015888: Creating http management service using socket-binding (management-http)
03:30:31,010 INFO  [org.xnio.nio] XNIO NIO Implementation Version 3.0.3.GA
03:30:31,017 INFO  [org.jboss.remoting] JBoss Remoting version 3.2.3.GA
03:30:31,045 INFO  [org.jboss.as.logging] JBAS011502: Removing bootstrap log handlers
