03:30:31,048 INFO  [org.jboss.as.configadmin] (ServerService Thread Pool -- 26) JBAS016200: Activating ConfigAdmin Subsystem
03:30:31,060 INFO  [org.jboss.as.clustering.infinispan] (ServerService Thread Pool -- 31) JBAS010280: Activating Infinispan subsystem.
03:30:31,088 INFO  [org.jboss.as.naming] (ServerService Thread Pool -- 38) JBAS011800: Activating Naming Subsystem
03:30:31,097 INFO  [org.jboss.as.osgi] (ServerService Thread Pool -- 39) JBAS011940: Activating OSGi Subsystem
03:30:31,127 INFO  [org.jboss.as.security] (ServerService Thread Pool -- 44) JBAS013101: Activating Security Subsystem
03:30:31,131 INFO  [org.jboss.as.security] (MSC service thread 1-5) JBAS013100: Current PicketBox version=4.0.7.Final
03:30:31,138 INFO  [org.jboss.as.naming] (MSC service thread 1-3) JBAS011802: Starting Naming Service
03:30:31,150 INFO  [org.jboss.as.webservices] (ServerService Thread Pool -- 48) JBAS015537: Activating WebServices Extension
03:30:31,156 INFO  [org.jboss.as.mail.extension] (MSC service thread 1-4) JBAS015400: Bound mail session [java:jboss/mail/Default]
03:30:31,184 INFO  [org.jboss.as.connector] (MSC service thread 1-3) JBAS010408: Starting JCA Subsystem (JBoss IronJacamar 1.0.9.Final)
03:30:31,421 INFO  [org.apache.coyote.http11.Http11Protocol] (MSC service thread 1-8) Arrancando Coyote HTTP/1.1 en puerto http--0.0.0.0-8180
03:30:31,636 INFO  [org.jboss.as.connector.subsystems.datasources] (ServerService Thread Pool -- 27) JBAS010403: Deploying JDBC-compliant driver class org.h2.Driver (version 1.3)
03:30:32,335 INFO  [org.jboss.ws.common.management.AbstractServerConfig] (MSC service thread 1-6) JBoss Web Services - Stack CXF Server 4.0.2.GA
03:30:32,593 INFO  [org.jboss.as.connector.subsystems.datasources] (MSC service thread 1-8) JBAS010400: Bound data source [java:jboss/datasources/ExampleDS]
03:30:32,713 INFO  [org.jboss.as.server.deployment.scanner] (MSC service thread 1-5) JBAS015012: Started FileSystemDeploymentService for directory /home/penciso/proyectos/git/jboss-test/jboss-7.1.1/standalone/deployments
03:30:32,715 INFO  [org.jboss.as.remoting] (MSC service thread 1-2) JBAS017100: Listening on /0.0.0.0:4547
03:30:32,716 INFO  [org.jboss.as.remoting] (MSC service thread 1-6) JBAS017100: Listening on /0.0.0.0:10099
03:30:32,900 INFO  [org.jboss.as.server.deployment] (MSC service thread 1-4) JBAS015876: Starting deployment of "logs.war"
03:30:33,903 INFO  [org.jboss.web] (MSC service thread 1-2) JBAS018210: Registering web context: /logs
03:30:33,912 INFO  [org.jboss.as] (MSC service thread 1-8) JBAS015951: Admin console listening on http://0.0.0.0:10090
03:30:33,913 INFO  [org.jboss.as] (MSC service thread 1-8) JBAS015874: JBoss AS 7.1.1.Final "Brontes" started in 6017ms - Started 176 of 253 services (76 services are passive or on-demand)
03:30:34,026 INFO  [org.jboss.as.server] (DeploymentScanner-threads - 2) JBAS018559: Deployed "logs.war"
03:34:36,013 ERROR [org.apache.catalina.core.ContainerBase.[jboss.web].[default-host].[/logs].[Viewlogsfiltro]] (http--0.0.0.0-8180-2) Servlet.service() para servlet Viewlogsfiltro lanzó excepción: java.lang.NullPointerException
	at ar.com.osde.jboss.Viewlogsfiltro.performTask(Viewlogsfiltro.java:151) [classes:]
	at ar.com.osde.jboss.Viewlogsfiltro.doGet(Viewlogsfiltro.java:24) [classes:]
	at javax.servlet.http.HttpServlet.service(HttpServlet.java:734) [jboss-servlet-api_3.0_spec-1.0.0.Final.jar:1.0.0.Final]
	at javax.servlet.http.HttpServlet.service(HttpServlet.java:847) [jboss-servlet-api_3.0_spec-1.0.0.Final.jar:1.0.0.Final]
	at org.apache.catalina.core.ApplicationFilterChain.internalDoFilter(ApplicationFilterChain.java:329) [jbossweb-7.0.13.Final.jar:]
	at org.apache.catalina.core.ApplicationFilterChain.doFilter(ApplicationFilterChain.java:248) [jbossweb-7.0.13.Final.jar:]
	at org.apache.catalina.core.StandardWrapperValve.invoke(StandardWrapperValve.java:275) [jbossweb-7.0.13.Final.jar:]
	at org.apache.catalina.core.StandardContextValve.invoke(StandardContextValve.java:161) [jbossweb-7.0.13.Final.jar:]
	at org.jboss.as.web.security.SecurityContextAssociationValve.invoke(SecurityContextAssociationValve.java:153) [jboss-as-web-7.1.1.Final.jar:7.1.1.Final]
	at org.apache.catalina.core.StandardHostValve.invoke(StandardHostValve.java:155) [jbossweb-7.0.13.Final.jar:]
	at org.apache.catalina.valves.ErrorReportValve.invoke(ErrorReportValve.java:102) [jbossweb-7.0.13.Final.jar:]
	at org.apache.catalina.core.StandardEngineValve.invoke(StandardEngineValve.java:109) [jbossweb-7.0.13.Final.jar:]
	at org.apache.catalina.connector.CoyoteAdapter.service(CoyoteAdapter.java:368) [jbossweb-7.0.13.Final.jar:]
	at org.apache.coyote.http11.Http11Processor.process(Http11Processor.java:877) [jbossweb-7.0.13.Final.jar:]
	at org.apache.coyote.http11.Http11Protocol$Http11ConnectionHandler.process(Http11Protocol.java:671) [jbossweb-7.0.13.Final.jar:]
	at org.apache.tomcat.util.net.JIoEndpoint$Worker.run(JIoEndpoint.java:930) [jbossweb-7.0.13.Final.jar:]
	at java.lang.Thread.run(Unknown Source) [rt.jar:1.7.0_80]

03:36:04,147 INFO  [org.jboss.as.server.deployment] (MSC service thread 1-7) JBAS015876: Starting deployment of "EjemploPruebaCarga.war"
03:36:04,310 WARN  [org.jboss.as.server.deployment] (MSC service thread 1-5) Class Path entry log4j.jar in "/content/EjemploPruebaCarga.war/WEB-INF/lib/commons-logging.jar"  does not point to a valid jar for a Class-Path reference.
03:36:04,311 WARN  [org.jboss.as.server.deployment] (MSC service thread 1-5) Class Path entry log4j-core.jar in "/content/EjemploPruebaCarga.war/WEB-INF/lib/commons-logging.jar"  does not point to a valid jar for a Class-Path reference.
03:36:04,358 WARN  [org.jboss.as.server.deployment] (MSC service thread 1-1) JBAS015893: Encountered invalid class name 'com.sun.faces.vendor.GlassFishInjectionProvider:com.sun.enterprise.InjectionManager' for service type 'com.sun.faces.spi.injectionprovider'
03:36:04,359 WARN  [org.jboss.as.server.deployment] (MSC service thread 1-1) JBAS015893: Encountered invalid class name 'com.sun.faces.vendor.Tomcat6InjectionProvider:org.apache.catalina.util.DefaultAnnotationProcessor' for service type 'com.sun.faces.spi.injectionprovider'
03:36:04,361 WARN  [org.jboss.as.server.deployment] (MSC service thread 1-1) JBAS015893: Encountered invalid class name 'com.sun.faces.vendor.Jetty6InjectionProvider:org.mortbay.jetty.plus.annotation.InjectionCollection' for service type 'com.sun.faces.spi.injectionprovider'
03:36:04,912 INFO  [org.apache.catalina.core.StandardContext] (MSC service thread 1-1) El escuchador "com.sun.faces.config.ConfigureListener" ya está configurado para este contexto. La definición duplicada ha sido ignorada.
03:36:04,918 INFO  [org.apache.catalina.core.StandardContext] (MSC service thread 1-1) El escuchador "com.sun.faces.config.ConfigureListener" ya está configurado para este contexto. La definición duplicada ha sido ignorada.
03:36:04,934 INFORMACIÓN [javax.enterprise.resource.webcontainer.jsf.config] (MSC service thread 1-1) Inicializando Mojarra 2.1.7-jbossorg-1 (20120227-1401) para el contexto '/EjemploPruebaCarga'
03:36:05,798 INFO  [org.hibernate.validator.util.Version] (MSC service thread 1-1) Hibernate Validator 4.2.0.Final
03:36:05,919 INFO  [org.jboss.web] (MSC service thread 1-1) JBAS018210: Registering web context: /EjemploPruebaCarga
03:36:06,007 INFO  [org.jboss.as.server] (DeploymentScanner-threads - 2) JBAS018559: Deployed "EjemploPruebaCarga.war"
